<?xml version="1.0" encoding="utf-8"?><testsuites><testsuite name="pytest" errors="0" failures="0" skipped="0" tests="2" time="0.563" timestamp="2022-10-31T17:43:40.938382" hostname="ESL-C02DD6HBML85"><testcase classname="tests.test_cli" name="test_cli_version[-V]" time="0.004" /><testcase classname="tests.test_cli" name="test_cli_version[--version]" time="0.002" /></testsuite></testsuites>